<?xml version="1.0" encoding="UTF-8" ?>
<testsuite tests="17" failures="0" name="runners.RunnerTest" time="0.286" errors="0" skipped="8">
  <properties>
    <property name="java.runtime.name" value="Java(TM) SE Runtime Environment"/>
    <property name="sun.boot.library.path" value="C:\Program Files\Java\jdk1.8.0_331\jre\bin"/>
    <property name="java.vm.version" value="25.331-b09"/>
    <property name="java.vm.vendor" value="Oracle Corporation"/>
    <property name="maven.multiModuleProjectDirectory" value="C:\Users\TESTING COMPANY\eclipse-workspace\CursoCucumber"/>
    <property name="java.vendor.url" value="http://java.oracle.com/"/>
    <property name="path.separator" value=";"/>
    <property name="guice.disable.misplaced.annotation.check" value="true"/>
    <property name="java.vm.name" value="Java HotSpot(TM) 64-Bit Server VM"/>
    <property name="file.encoding.pkg" value="sun.io"/>
    <property name="user.script" value=""/>
    <property name="user.country" value="BR"/>
    <property name="sun.java.launcher" value="SUN_STANDARD"/>
    <property name="sun.os.patch.level" value=""/>
    <property name="java.vm.specification.name" value="Java Virtual Machine Specification"/>
    <property name="user.dir" value="C:\Users\TESTING COMPANY\eclipse-workspace\CursoCucumber"/>
    <property name="java.runtime.version" value="1.8.0_331-b09"/>
    <property name="java.awt.graphicsenv" value="sun.awt.Win32GraphicsEnvironment"/>
    <property name="java.endorsed.dirs" value="C:\Program Files\Java\jdk1.8.0_331\jre\lib\endorsed"/>
    <property name="os.arch" value="amd64"/>
    <property name="java.io.tmpdir" value="C:\Users\TESTIN~1\AppData\Local\Temp\"/>
    <property name="line.separator" value="
"/>
    <property name="java.vm.specification.vendor" value="Oracle Corporation"/>
    <property name="user.variant" value=""/>
    <property name="os.name" value="Windows 11"/>
    <property name="classworlds.conf" value="C:\Users\TESTING COMPANY\apache-maven-3.8.5\bin\m2.conf"/>
    <property name="sun.jnu.encoding" value="Cp1252"/>
    <property name="java.library.path" value="C:\Program Files\Java\jdk1.8.0_331\bin;C:\windows\Sun\Java\bin;C:\windows\system32;C:\windows;C:\Program Files\Common Files\Oracle\Java\javapath;C:\Program Files (x86)\Common Files\Oracle\Java\javapath;C:\windows\system32;C:\windows;C:\windows\System32\Wbem;C:\windows\System32\WindowsPowerShell\v1.0\;C:\windows\System32\OpenSSH\;C:\Users\TESTING COMPANY\apache-maven-3.8.5\bin;C:\Users\TESTING COMPANY\AppData\Local\Microsoft\WindowsApps;C:\Program Files\Java\jdk1.8.0_331\bin;C:\Users\TESTING COMPANY\apache-maven-3.8.5\bin;;."/>
    <property name="maven.conf" value="C:\Users\TESTING COMPANY\apache-maven-3.8.5/conf"/>
    <property name="java.specification.name" value="Java Platform API Specification"/>
    <property name="java.class.version" value="52.0"/>
    <property name="sun.management.compiler" value="HotSpot 64-Bit Tiered Compilers"/>
    <property name="os.version" value="10.0"/>
    <property name="library.jansi.path" value="C:\Users\TESTING COMPANY\apache-maven-3.8.5\lib\jansi-native"/>
    <property name="user.home" value="C:\Users\TESTING COMPANY"/>
    <property name="user.timezone" value="America/Sao_Paulo"/>
    <property name="java.awt.printerjob" value="sun.awt.windows.WPrinterJob"/>
    <property name="java.specification.version" value="1.8"/>
    <property name="file.encoding" value="Cp1252"/>
    <property name="user.name" value="TESTING COMPANY"/>
    <property name="java.class.path" value="C:\Users\TESTING COMPANY\apache-maven-3.8.5\boot\plexus-classworlds-2.6.0.jar"/>
    <property name="java.vm.specification.version" value="1.8"/>
    <property name="sun.arch.data.model" value="64"/>
    <property name="java.home" value="C:\Program Files\Java\jdk1.8.0_331\jre"/>
    <property name="sun.java.command" value="org.codehaus.plexus.classworlds.launcher.Launcher test"/>
    <property name="java.specification.vendor" value="Oracle Corporation"/>
    <property name="user.language" value="pt"/>
    <property name="awt.toolkit" value="sun.awt.windows.WToolkit"/>
    <property name="java.vm.info" value="mixed mode"/>
    <property name="java.version" value="1.8.0_331"/>
    <property name="java.ext.dirs" value="C:\Program Files\Java\jdk1.8.0_331\jre\lib\ext;C:\windows\Sun\Java\lib\ext"/>
    <property name="sun.boot.class.path" value="C:\Program Files\Java\jdk1.8.0_331\jre\lib\resources.jar;C:\Program Files\Java\jdk1.8.0_331\jre\lib\rt.jar;C:\Program Files\Java\jdk1.8.0_331\jre\lib\sunrsasign.jar;C:\Program Files\Java\jdk1.8.0_331\jre\lib\jsse.jar;C:\Program Files\Java\jdk1.8.0_331\jre\lib\jce.jar;C:\Program Files\Java\jdk1.8.0_331\jre\lib\charsets.jar;C:\Program Files\Java\jdk1.8.0_331\jre\lib\jfr.jar;C:\Program Files\Java\jdk1.8.0_331\jre\classes"/>
    <property name="sun.stderr.encoding" value="cp850"/>
    <property name="java.vendor" value="Oracle Corporation"/>
    <property name="maven.home" value="C:\Users\TESTING COMPANY\apache-maven-3.8.5"/>
    <property name="file.separator" value="\"/>
    <property name="java.vendor.url.bug" value="http://bugreport.sun.com/bugreport/"/>
    <property name="sun.cpu.endian" value="little"/>
    <property name="sun.io.unicode.encoding" value="UnicodeLittle"/>
    <property name="sun.stdout.encoding" value="cp850"/>
    <property name="sun.desktop" value="windows"/>
    <property name="sun.cpu.isalist" value="amd64"/>
  </properties>
  <testcase classname="Alugar Filme" name="Deve alugar um filme com sucesso" time="0.02"/>
  <testcase classname="Alugar Filme" name="Não deve alugar filme sem estoque" time="0.017"/>
  <testcase classname="Alugar Filme" name="Deve dar condições conforme tipo de aluguel" time="0.047"/>
  <testcase classname="Alugar Filme" name="Deve dar condições conforme tipo de aluguel" time="0.038"/>
  <testcase classname="Alugar Filme" name="Deve dar condições conforme tipo de aluguel" time="0.018"/>
  <testcase classname="Aprender Cucumber" name="Deve executar a especificação" time="0.03"/>
  <testcase classname="Aprender Cucumber" name="Deve incrementar contador" time="0.016"/>
  <testcase classname="Aprender Cucumber" name="Deve calcular atraso no prazo de entrega" time="0.009">
    <skipped/>
    <system-out>
  @unitarios
  Cenário: Deve calcular atraso no prazo de entrega &amp;#27;[90m# src/test/resources/features/aprender_cucumber.feature:19&amp;#27;[0m
Começando aqui!
Começando aqui, parte 2!
    &amp;#27;[33mDado &amp;#27;[0m&amp;#27;[33mque o prazo é dia 05/04/2018&amp;#27;[0m               &amp;#27;[90m# null&amp;#27;[0m
    &amp;#27;[36mQuando &amp;#27;[0m&amp;#27;[36ma entrega atrasar em &amp;#27;[0m&amp;#27;[36m&amp;#27;[1m2&amp;#27;[0m&amp;#27;[36m &amp;#27;[0m&amp;#27;[36m&amp;#27;[1mdias&amp;#27;[0m              &amp;#27;[90m# AprenderCucumberSteps.a_entrega_atrasar_em_dias(Integer,String)&amp;#27;[0m
    &amp;#27;[36mEntão &amp;#27;[0m&amp;#27;[36ma entrega será efetuada em &amp;#27;[0m&amp;#27;[36m&amp;#27;[1m07/04/2018&amp;#27;[0m     &amp;#27;[90m# AprenderCucumberSteps.a_entrega_será_efetuada_em(String)&amp;#27;[0m
</system-out>
  </testcase>
  <testcase classname="Aprender Cucumber" name="Deve calcular atraso no prazo de entrega da China" time="0.008">
    <skipped/>
    <system-out>
  @unitarios
  Cenário: Deve calcular atraso no prazo de entrega da China &amp;#27;[90m# src/test/resources/features/aprender_cucumber.feature:24&amp;#27;[0m
Começando aqui!
Começando aqui, parte 2!
    &amp;#27;[33mDado &amp;#27;[0m&amp;#27;[33mque o prazo é dia 05/04/2018&amp;#27;[0m                        &amp;#27;[90m# null&amp;#27;[0m
    &amp;#27;[36mQuando &amp;#27;[0m&amp;#27;[36ma entrega atrasar em &amp;#27;[0m&amp;#27;[36m&amp;#27;[1m2&amp;#27;[0m&amp;#27;[36m &amp;#27;[0m&amp;#27;[36m&amp;#27;[1mmeses&amp;#27;[0m                      &amp;#27;[90m# AprenderCucumberSteps.a_entrega_atrasar_em_dias(Integer,String)&amp;#27;[0m
    &amp;#27;[36mEntão &amp;#27;[0m&amp;#27;[36ma entrega será efetuada em &amp;#27;[0m&amp;#27;[36m&amp;#27;[1m05/06/2018&amp;#27;[0m              &amp;#27;[90m# AprenderCucumberSteps.a_entrega_será_efetuada_em(String)&amp;#27;[0m
</system-out>
  </testcase>
  <testcase classname="Aprender Cucumber" name="Deve criar steps genéricos para estes passos" time="0.013"/>
  <testcase classname="Aprender Cucumber" name="Deve reaproveitar os steps &quot;Dado&quot; do cenário anterior" time="0.01"/>
  <testcase classname="Aprender Cucumber" name="Deve negar todos os steps &quot;Dado&quot; dos cenários anteriores" time="0.01">
    <skipped/>
    <system-out>
  @unitarios
  Cenário: Deve negar todos os steps &quot;Dado&quot; dos cenários anteriores             &amp;#27;[90m# src/test/resources/features/aprender_cucumber.feature:44&amp;#27;[0m
Começando aqui!
Começando aqui, parte 2!
    &amp;#27;[33mDado &amp;#27;[0m&amp;#27;[33mque o ticket é CD123&amp;#27;[0m                                                   &amp;#27;[90m# null&amp;#27;[0m
    &amp;#27;[33mDado &amp;#27;[0m&amp;#27;[33mque o ticket é AG1234&amp;#27;[0m                                                  &amp;#27;[90m# null&amp;#27;[0m
    &amp;#27;[33mDado &amp;#27;[0m&amp;#27;[33mque o valor da passagem é R$ 1.1345,56&amp;#27;[0m                                 &amp;#27;[90m# null&amp;#27;[0m
    &amp;#27;[33mDado &amp;#27;[0m&amp;#27;[33mque o nome do passageiro é &quot;Beltrano Souza Matos de Alcântara Azevedo&quot;&amp;#27;[0m &amp;#27;[90m# null&amp;#27;[0m
    &amp;#27;[33mDado &amp;#27;[0m&amp;#27;[33mque o telefone do passageiro é 1234-5678&amp;#27;[0m                               &amp;#27;[90m# null&amp;#27;[0m
    &amp;#27;[33mDado &amp;#27;[0m&amp;#27;[33mque o telefone do passageiro é 999-2223&amp;#27;[0m                                &amp;#27;[90m# null&amp;#27;[0m
</system-out>
  </testcase>
  <testcase classname="Aprender Cucumber" name="Deve negar todos os steps &quot;Dado&quot; dos cenários anteriores" time="0.01">
    <skipped/>
  </testcase>
  <testcase classname="Aprender Cucumber" name="Deve negar todos os steps &quot;Dado&quot; dos cenários anteriores" time="0.01">
    <skipped/>
  </testcase>
  <testcase classname="Aprender Cucumber" name="Deve negar todos os steps &quot;Dado&quot; dos cenários anteriores" time="0.01">
    <skipped/>
  </testcase>
  <testcase classname="Aprender Cucumber" name="Deve negar todos os steps &quot;Dado&quot; dos cenários anteriores" time="0.01">
    <skipped/>
  </testcase>
  <testcase classname="Aprender Cucumber" name="Deve negar todos os steps &quot;Dado&quot; dos cenários anteriores" time="0.01">
    <skipped/>
  </testcase>
</testsuite>